<?xml version="1.0" encoding="UTF-8"?>
<testsuite xmlns:xsi="http://www.w3.org/2001/XMLSchema-instance" xsi:noNamespaceSchemaLocation="https://maven.apache.org/surefire/maven-surefire-plugin/xsd/surefire-test-report-3.0.xsd" version="3.0" name="org.example.contactListtest" time="2.075" tests="1" errors="0" skipped="0" failures="0">
  <properties>
[...]
</properties>
  <testcase name="addUser" classname="org.example.contactListtest" time="1.846">
    <system-out><![CDATA[HTTP/1.1 201 Created
Content-Length: 287
Content-Type: application/json; charset=utf-8
Date: Thu, 18 Jun 2026 12:11:42 GMT
Etag: W/"11f-WubUR7MkeTP9qbwLTSDhg47oWKQ"
Nel: {"report_to":"heroku-nel","response_headers":["Via"],"max_age":3600,"success_fraction":0.01,"failure_fraction":0.1}
Report-To: {"group":"heroku-nel","endpoints":[{"url":"https://nel.heroku.com/reports?s=ykSOR2pKBsk8UuyWCxo9kijr1YwoYAhK%2BTEUAoxSr%2BE%3D\u0026sid=af571f24-03ee-46d1-9f90-ab9030c2c74c\u0026ts=1781784702"}],"max_age":3600}
Reporting-Endpoints: heroku-nel="https://nel.heroku.com/reports?s=ykSOR2pKBsk8UuyWCxo9kijr1YwoYAhK%2BTEUAoxSr%2BE%3D&sid=af571f24-03ee-46d1-9f90-ab9030c2c74c&ts=1781784702"
Server: Heroku
Set-Cookie: token=eyJhbGciOiJIUzI1NiIsInR5cCI6IkpXVCJ9.eyJfaWQiOiI2YTMzZTA3ZTlhNzQ3ZjAwMTUyNzAyMmMiLCJpYXQiOjE3ODE3ODQ3MDJ9.ADDyTxFQqaIv9eG2KQ-3CoUk3sbaYQ2pMbokLBnt1_c; Max-Age=684; Path=/; Expires=Thu, 18 Jun 2026 12:23:06 GMT
Via: 1.1 heroku-router
X-Powered-By: Express

{
    "user": {
        "_id": "6a33e07e9a747f001527022c",
        "firstName": "Test",
        "lastName": "User",
        "email": "user_8ad71f3292@testmail.com",
        "__v": 1
    },
    "token": "eyJhbGciOiJIUzI1NiIsInR5cCI6IkpXVCJ9.eyJfaWQiOiI2YTMzZTA3ZTlhNzQ3ZjAwMTUyNzAyMmMiLCJpYXQiOjE3ODE3ODQ3MDJ9.ADDyTxFQqaIv9eG2KQ-3CoUk3sbaYQ2pMbokLBnt1_c"
}
]]></system-out>
  </testcase>
</testsuite>